<?xml version="1.0" encoding="UTF-8"?>
<testsuite xmlns:xsi="http://www.w3.org/2001/XMLSchema-instance" xsi:noNamespaceSchemaLocation="https://maven.apache.org/surefire/maven-surefire-plugin/xsd/surefire-test-report-3.0.xsd" version="3.0" name="TestSuite" time="11.012" tests="16" errors="0" skipped="0" failures="8">
  <properties>
    <property name="java.specification.version" value="15"/>
    <property name="sun.cpu.isalist" value="amd64"/>
    <property name="sun.jnu.encoding" value="Cp1252"/>
    <property name="java.class.path" value="C:\Users\shubh\Desktop\Try\RestBDD\target\test-classes;C:\Users\shubh\Desktop\Try\RestBDD\target\classes;C:\Users\shubh\.m2\repository\junit\junit\4.11\junit-4.11.jar;C:\Users\shubh\.m2\repository\org\hamcrest\hamcrest-core\1.3\hamcrest-core-1.3.jar;C:\Users\shubh\.m2\repository\org\seleniumhq\selenium\selenium-java\3.141.59\selenium-java-3.141.59.jar;C:\Users\shubh\.m2\repository\org\seleniumhq\selenium\selenium-api\3.141.59\selenium-api-3.141.59.jar;C:\Users\shubh\.m2\repository\org\seleniumhq\selenium\selenium-chrome-driver\3.141.59\selenium-chrome-driver-3.141.59.jar;C:\Users\shubh\.m2\repository\org\seleniumhq\selenium\selenium-edge-driver\3.141.59\selenium-edge-driver-3.141.59.jar;C:\Users\shubh\.m2\repository\org\seleniumhq\selenium\selenium-firefox-driver\3.141.59\selenium-firefox-driver-3.141.59.jar;C:\Users\shubh\.m2\repository\org\seleniumhq\selenium\selenium-ie-driver\3.141.59\selenium-ie-driver-3.141.59.jar;C:\Users\shubh\.m2\repository\org\seleniumhq\selenium\selenium-opera-driver\3.141.59\selenium-opera-driver-3.141.59.jar;C:\Users\shubh\.m2\repository\org\seleniumhq\selenium\selenium-remote-driver\3.141.59\selenium-remote-driver-3.141.59.jar;C:\Users\shubh\.m2\repository\org\seleniumhq\selenium\selenium-safari-driver\3.141.59\selenium-safari-driver-3.141.59.jar;C:\Users\shubh\.m2\repository\org\seleniumhq\selenium\selenium-support\3.141.59\selenium-support-3.141.59.jar;C:\Users\shubh\.m2\repository\net\bytebuddy\byte-buddy\1.8.15\byte-buddy-1.8.15.jar;C:\Users\shubh\.m2\repository\org\apache\commons\commons-exec\1.3\commons-exec-1.3.jar;C:\Users\shubh\.m2\repository\com\google\guava\guava\25.0-jre\guava-25.0-jre.jar;C:\Users\shubh\.m2\repository\com\google\code\findbugs\jsr305\1.3.9\jsr305-1.3.9.jar;C:\Users\shubh\.m2\repository\org\checkerframework\checker-compat-qual\2.0.0\checker-compat-qual-2.0.0.jar;C:\Users\shubh\.m2\repository\com\google\errorprone\error_prone_annotations\2.1.3\error_prone_annotations-2.1.3.jar;C:\Users\shubh\.m2\repository\com\google\j2objc\j2objc-annotations\1.1\j2objc-annotations-1.1.jar;C:\Users\shubh\.m2\repository\org\codehaus\mojo\animal-sniffer-annotations\1.14\animal-sniffer-annotations-1.14.jar;C:\Users\shubh\.m2\repository\com\squareup\okhttp3\okhttp\3.11.0\okhttp-3.11.0.jar;C:\Users\shubh\.m2\repository\com\squareup\okio\okio\1.14.0\okio-1.14.0.jar;C:\Users\shubh\.m2\repository\io\appium\java-client\7.3.0\java-client-7.3.0.jar;C:\Users\shubh\.m2\repository\com\google\code\gson\gson\2.8.5\gson-2.8.5.jar;C:\Users\shubh\.m2\repository\org\apache\httpcomponents\httpclient\4.5.9\httpclient-4.5.9.jar;C:\Users\shubh\.m2\repository\org\apache\httpcomponents\httpcore\4.4.11\httpcore-4.4.11.jar;C:\Users\shubh\.m2\repository\commons-logging\commons-logging\1.2\commons-logging-1.2.jar;C:\Users\shubh\.m2\repository\cglib\cglib\3.2.12\cglib-3.2.12.jar;C:\Users\shubh\.m2\repository\org\ow2\asm\asm\7.1\asm-7.1.jar;C:\Users\shubh\.m2\repository\commons-validator\commons-validator\1.6\commons-validator-1.6.jar;C:\Users\shubh\.m2\repository\commons-beanutils\commons-beanutils\1.9.2\commons-beanutils-1.9.2.jar;C:\Users\shubh\.m2\repository\commons-digester\commons-digester\1.8.1\commons-digester-1.8.1.jar;C:\Users\shubh\.m2\repository\org\apache\commons\commons-lang3\3.9\commons-lang3-3.9.jar;C:\Users\shubh\.m2\repository\org\springframework\spring-context\5.1.8.RELEASE\spring-context-5.1.8.RELEASE.jar;C:\Users\shubh\.m2\repository\org\springframework\spring-aop\5.1.8.RELEASE\spring-aop-5.1.8.RELEASE.jar;C:\Users\shubh\.m2\repository\org\springframework\spring-beans\5.1.8.RELEASE\spring-beans-5.1.8.RELEASE.jar;C:\Users\shubh\.m2\repository\org\springframework\spring-core\5.1.8.RELEASE\spring-core-5.1.8.RELEASE.jar;C:\Users\shubh\.m2\repository\org\springframework\spring-jcl\5.1.8.RELEASE\spring-jcl-5.1.8.RELEASE.jar;C:\Users\shubh\.m2\repository\org\springframework\spring-expression\5.1.8.RELEASE\spring-expression-5.1.8.RELEASE.jar;C:\Users\shubh\.m2\repository\org\aspectj\aspectjweaver\1.9.4\aspectjweaver-1.9.4.jar;C:\Users\shubh\.m2\repository\org\slf4j\slf4j-api\1.7.26\slf4j-api-1.7.26.jar;C:\Users\shubh\.m2\repository\org\testng\testng\7.1.0\testng-7.1.0.jar;C:\Users\shubh\.m2\repository\com\beust\jcommander\1.72\jcommander-1.72.jar;C:\Users\shubh\.m2\repository\com\google\inject\guice\4.1.0\guice-4.1.0-no_aop.jar;C:\Users\shubh\.m2\repository\org\yaml\snakeyaml\1.21\snakeyaml-1.21.jar;C:\Users\shubh\.m2\repository\org\apache\poi\poi\4.1.2\poi-4.1.2.jar;C:\Users\shubh\.m2\repository\commons-codec\commons-codec\1.13\commons-codec-1.13.jar;C:\Users\shubh\.m2\repository\org\apache\commons\commons-collections4\4.4\commons-collections4-4.4.jar;C:\Users\shubh\.m2\repository\org\apache\commons\commons-math3\3.6.1\commons-math3-3.6.1.jar;C:\Users\shubh\.m2\repository\com\zaxxer\SparseBitSet\1.2\SparseBitSet-1.2.jar;C:\Users\shubh\.m2\repository\org\apache\poi\poi-ooxml\4.1.2\poi-ooxml-4.1.2.jar;C:\Users\shubh\.m2\repository\org\apache\poi\poi-ooxml-schemas\4.1.2\poi-ooxml-schemas-4.1.2.jar;C:\Users\shubh\.m2\repository\org\apache\xmlbeans\xmlbeans\3.1.0\xmlbeans-3.1.0.jar;C:\Users\shubh\.m2\repository\org\apache\commons\commons-compress\1.19\commons-compress-1.19.jar;C:\Users\shubh\.m2\repository\com\github\virtuald\curvesapi\1.06\curvesapi-1.06.jar;C:\Users\shubh\.m2\repository\io\cucumber\cucumber-java\6.8.1\cucumber-java-6.8.1.jar;C:\Users\shubh\.m2\repository\org\apiguardian\apiguardian-api\1.1.0\apiguardian-api-1.1.0.jar;C:\Users\shubh\.m2\repository\io\cucumber\cucumber-picocontainer\6.8.1\cucumber-picocontainer-6.8.1.jar;C:\Users\shubh\.m2\repository\org\picocontainer\picocontainer\2.15\picocontainer-2.15.jar;C:\Users\shubh\.m2\repository\io\cucumber\cucumber-core\6.8.1\cucumber-core-6.8.1.jar;C:\Users\shubh\.m2\repository\io\cucumber\cucumber-gherkin\6.8.1\cucumber-gherkin-6.8.1.jar;C:\Users\shubh\.m2\repository\io\cucumber\cucumber-gherkin-messages\6.8.1\cucumber-gherkin-messages-6.8.1.jar;C:\Users\shubh\.m2\repository\io\cucumber\messages\13.1.0\messages-13.1.0.jar;C:\Users\shubh\.m2\repository\io\cucumber\tag-expressions\3.0.0\tag-expressions-3.0.0.jar;C:\Users\shubh\.m2\repository\io\cucumber\cucumber-expressions\10.3.0\cucumber-expressions-10.3.0.jar;C:\Users\shubh\.m2\repository\io\cucumber\datatable\3.5.0\datatable-3.5.0.jar;C:\Users\shubh\.m2\repository\io\cucumber\cucumber-plugin\6.8.1\cucumber-plugin-6.8.1.jar;C:\Users\shubh\.m2\repository\io\cucumber\docstring\6.8.1\docstring-6.8.1.jar;C:\Users\shubh\.m2\repository\io\cucumber\html-formatter\9.0.0\html-formatter-9.0.0.jar;C:\Users\shubh\.m2\repository\io\cucumber\create-meta\2.0.2\create-meta-2.0.2.jar;C:\Users\shubh\.m2\repository\io\cucumber\cucumber-testng\6.8.1\cucumber-testng-6.8.1.jar;C:\Users\shubh\.m2\repository\com\vimalselvam\cucumber-extentsreport\3.1.1\cucumber-extentsreport-3.1.1.jar;C:\Users\shubh\.m2\repository\net\masterthought\cucumber-reporting\5.3.1\cucumber-reporting-5.3.1.jar;C:\Users\shubh\.m2\repository\com\fasterxml\jackson\core\jackson-databind\2.10.1\jackson-databind-2.10.1.jar;C:\Users\shubh\.m2\repository\com\fasterxml\jackson\core\jackson-annotations\2.10.1\jackson-annotations-2.10.1.jar;C:\Users\shubh\.m2\repository\com\fasterxml\jackson\core\jackson-core\2.10.1\jackson-core-2.10.1.jar;C:\Users\shubh\.m2\repository\com\fasterxml\jackson\datatype\jackson-datatype-jsr310\2.10.1\jackson-datatype-jsr310-2.10.1.jar;C:\Users\shubh\.m2\repository\org\apache\velocity\velocity-engine-core\2.1\velocity-engine-core-2.1.jar;C:\Users\shubh\.m2\repository\commons-collections\commons-collections\3.2.2\commons-collections-3.2.2.jar;C:\Users\shubh\.m2\repository\joda-time\joda-time\2.10.5\joda-time-2.10.5.jar;C:\Users\shubh\.m2\repository\org\codehaus\plexus\plexus-utils\3.3.0\plexus-utils-3.3.0.jar;C:\Users\shubh\.m2\repository\org\jsoup\jsoup\1.12.1\jsoup-1.12.1.jar;C:\Users\shubh\.m2\repository\com\googlecode\owasp-java-html-sanitizer\owasp-java-html-sanitizer\20191001.1\owasp-java-html-sanitizer-20191001.1.jar;C:\Users\shubh\.m2\repository\commons-configuration\commons-configuration\1.10\commons-configuration-1.10.jar;C:\Users\shubh\.m2\repository\commons-lang\commons-lang\2.6\commons-lang-2.6.jar;C:\Users\shubh\.m2\repository\com\google\inject\guice\4.2.3\guice-4.2.3.jar;C:\Users\shubh\.m2\repository\javax\inject\javax.inject\1\javax.inject-1.jar;C:\Users\shubh\.m2\repository\aopalliance\aopalliance\1.0\aopalliance-1.0.jar;C:\Users\shubh\.m2\repository\com\relevantcodes\extentreports\2.41.2\extentreports-2.41.2.jar;C:\Users\shubh\.m2\repository\org\xerial\sqlite-jdbc\3.8.11.1\sqlite-jdbc-3.8.11.1.jar;C:\Users\shubh\.m2\repository\org\mongodb\mongodb-driver\3.0.4\mongodb-driver-3.0.4.jar;C:\Users\shubh\.m2\repository\org\mongodb\bson\3.0.4\bson-3.0.4.jar;C:\Users\shubh\.m2\repository\org\mongodb\mongodb-driver-core\3.0.4\mongodb-driver-core-3.0.4.jar;C:\Users\shubh\.m2\repository\com\aventstack\extentreports\3.0.0\extentreports-3.0.0.jar;C:\Users\shubh\.m2\repository\org\apache\httpcomponents\httpmime\4.5.2\httpmime-4.5.2.jar;C:\Users\shubh\.m2\repository\org\freemarker\freemarker\2.3.30\freemarker-2.3.30.jar;C:\Users\shubh\.m2\repository\com\github\mkolisnyk\cucumber-runner\1.3.5\cucumber-runner-1.3.5.jar;C:\Users\shubh\.m2\repository\xml-apis\xml-apis\1.4.01\xml-apis-1.4.01.jar;C:\Users\shubh\.m2\repository\batik\batik-transcoder\1.6-1\batik-transcoder-1.6-1.jar;C:\Users\shubh\.m2\repository\batik\batik-bridge\1.6-1\batik-bridge-1.6-1.jar;C:\Users\shubh\.m2\repository\batik\batik-gvt\1.6-1\batik-gvt-1.6-1.jar;C:\Users\shubh\.m2\repository\batik\batik-awt-util\1.6-1\batik-awt-util-1.6-1.jar;C:\Users\shubh\.m2\repository\batik\batik-util\1.6-1\batik-util-1.6-1.jar;C:\Users\shubh\.m2\repository\batik\batik-gui-util\1.6-1\batik-gui-util-1.6-1.jar;C:\Users\shubh\.m2\repository\batik\batik-ext\1.6-1\batik-ext-1.6-1.jar;C:\Users\shubh\.m2\repository\xml-apis\xmlParserAPIs\2.0.2\xmlParserAPIs-2.0.2.jar;C:\Users\shubh\.m2\repository\batik\batik-script\1.6-1\batik-script-1.6-1.jar;C:\Users\shubh\.m2\repository\rhino\js\1.5R4.1\js-1.5R4.1.jar;C:\Users\shubh\.m2\repository\batik\batik-svg-dom\1.6-1\batik-svg-dom-1.6-1.jar;C:\Users\shubh\.m2\repository\batik\batik-dom\1.6-1\batik-dom-1.6-1.jar;C:\Users\shubh\.m2\repository\batik\batik-css\1.6-1\batik-css-1.6-1.jar;C:\Users\shubh\.m2\repository\batik\batik-xml\1.6-1\batik-xml-1.6-1.jar;C:\Users\shubh\.m2\repository\xerces\xercesImpl\2.5.0\xercesImpl-2.5.0.jar;C:\Users\shubh\.m2\repository\batik\batik-parser\1.6-1\batik-parser-1.6-1.jar;C:\Users\shubh\.m2\repository\com\itextpdf\itextpdf\5.5.11\itextpdf-5.5.11.jar;C:\Users\shubh\.m2\repository\com\cedarsoftware\json-io\4.9.12\json-io-4.9.12.jar;C:\Users\shubh\.m2\repository\info\cukes\cucumber-junit\1.2.5\cucumber-junit-1.2.5.jar;C:\Users\shubh\.m2\repository\info\cukes\cucumber-core\1.2.5\cucumber-core-1.2.5.jar;C:\Users\shubh\.m2\repository\info\cukes\cucumber-html\0.2.3\cucumber-html-0.2.3.jar;C:\Users\shubh\.m2\repository\info\cukes\cucumber-jvm-deps\1.0.5\cucumber-jvm-deps-1.0.5.jar;C:\Users\shubh\.m2\repository\info\cukes\gherkin\2.12.2\gherkin-2.12.2.jar;C:\Users\shubh\.m2\repository\info\cukes\cucumber-testng\1.2.5\cucumber-testng-1.2.5.jar;C:\Users\shubh\.m2\repository\org\xhtmlrenderer\flying-saucer-pdf\9.1.7\flying-saucer-pdf-9.1.7.jar;C:\Users\shubh\.m2\repository\com\lowagie\itext\2.1.7\itext-2.1.7.jar;C:\Users\shubh\.m2\repository\org\bouncycastle\bctsp-jdk14\1.38\bctsp-jdk14-1.38.jar;C:\Users\shubh\.m2\repository\org\xhtmlrenderer\flying-saucer-core\9.1.7\flying-saucer-core-9.1.7.jar;C:\Users\shubh\.m2\repository\org\javassist\javassist\3.22.0-CR2\javassist-3.22.0-CR2.jar;C:\Users\shubh\.m2\repository\org\apache\maven\maven-plugin-api\2.0\maven-plugin-api-2.0.jar;C:\Users\shubh\.m2\repository\org\apache\maven\reporting\maven-reporting-api\2.0.8\maven-reporting-api-2.0.8.jar;C:\Users\shubh\.m2\repository\org\apache\maven\doxia\doxia-sink-api\1.0-alpha-9\doxia-sink-api-1.0-alpha-9.jar;C:\Users\shubh\.m2\repository\org\apache\maven\reporting\maven-reporting-impl\2.0.4.3\maven-reporting-impl-2.0.4.3.jar;C:\Users\shubh\.m2\repository\org\apache\maven\maven-project\2.0.4\maven-project-2.0.4.jar;C:\Users\shubh\.m2\repository\org\apache\maven\maven-settings\2.0.4\maven-settings-2.0.4.jar;C:\Users\shubh\.m2\repository\org\apache\maven\maven-profile\2.0.4\maven-profile-2.0.4.jar;C:\Users\shubh\.m2\repository\org\apache\maven\maven-model\2.0.4\maven-model-2.0.4.jar;C:\Users\shubh\.m2\repository\org\apache\maven\maven-artifact-manager\2.0.4\maven-artifact-manager-2.0.4.jar;C:\Users\shubh\.m2\repository\org\apache\maven\maven-repository-metadata\2.0.4\maven-repository-metadata-2.0.4.jar;C:\Users\shubh\.m2\repository\org\apache\maven\wagon\wagon-provider-api\1.0-alpha-6\wagon-provider-api-1.0-alpha-6.jar;C:\Users\shubh\.m2\repository\org\apache\maven\maven-artifact\2.0.4\maven-artifact-2.0.4.jar;C:\Users\shubh\.m2\repository\org\codehaus\plexus\plexus-container-default\1.0-alpha-9\plexus-container-default-1.0-alpha-9.jar;C:\Users\shubh\.m2\repository\classworlds\classworlds\1.1-alpha-2\classworlds-1.1-alpha-2.jar;C:\Users\shubh\.m2\repository\org\apache\maven\doxia\doxia-core\1.0\doxia-core-1.0.jar;C:\Users\shubh\.m2\repository\org\apache\maven\doxia\doxia-site-renderer\1.0\doxia-site-renderer-1.0.jar;C:\Users\shubh\.m2\repository\org\codehaus\plexus\plexus-i18n\1.0-beta-7\plexus-i18n-1.0-beta-7.jar;C:\Users\shubh\.m2\repository\org\codehaus\plexus\plexus-velocity\1.1.7\plexus-velocity-1.1.7.jar;C:\Users\shubh\.m2\repository\org\apache\velocity\velocity\1.5\velocity-1.5.jar;C:\Users\shubh\.m2\repository\oro\oro\2.0.8\oro-2.0.8.jar;C:\Users\shubh\.m2\repository\org\apache\maven\doxia\doxia-decoration-model\1.0\doxia-decoration-model-1.0.jar;C:\Users\shubh\.m2\repository\org\apache\maven\doxia\doxia-module-apt\1.0\doxia-module-apt-1.0.jar;C:\Users\shubh\.m2\repository\org\apache\maven\doxia\doxia-module-fml\1.0\doxia-module-fml-1.0.jar;C:\Users\shubh\.m2\repository\org\apache\maven\doxia\doxia-module-xdoc\1.0\doxia-module-xdoc-1.0.jar;C:\Users\shubh\.m2\repository\org\apache\maven\doxia\doxia-module-xhtml\1.0\doxia-module-xhtml-1.0.jar;C:\Users\shubh\.m2\repository\org\apache\maven\shared\maven-doxia-tools\1.0.2\maven-doxia-tools-1.0.2.jar;C:\Users\shubh\.m2\repository\com\github\mkolisnyk\cucumber-report-generator\1.3.5\cucumber-report-generator-1.3.5.jar;C:\Users\shubh\.m2\repository\org\apache\logging\log4j\log4j-api\2.13.1\log4j-api-2.13.1.jar;C:\Users\shubh\.m2\repository\org\apache\logging\log4j\log4j-core\2.13.1\log4j-core-2.13.1.jar;C:\Users\shubh\.m2\repository\io\rest-assured\rest-assured\4.3.0\rest-assured-4.3.0.jar;C:\Users\shubh\.m2\repository\org\codehaus\groovy\groovy\3.0.2\groovy-3.0.2.jar;C:\Users\shubh\.m2\repository\org\codehaus\groovy\groovy-xml\3.0.2\groovy-xml-3.0.2.jar;C:\Users\shubh\.m2\repository\org\hamcrest\hamcrest\2.1\hamcrest-2.1.jar;C:\Users\shubh\.m2\repository\org\ccil\cowan\tagsoup\tagsoup\1.2.1\tagsoup-1.2.1.jar;C:\Users\shubh\.m2\repository\io\rest-assured\json-path\4.3.0\json-path-4.3.0.jar;C:\Users\shubh\.m2\repository\org\codehaus\groovy\groovy-json\3.0.2\groovy-json-3.0.2.jar;C:\Users\shubh\.m2\repository\io\rest-assured\rest-assured-common\4.3.0\rest-assured-common-4.3.0.jar;C:\Users\shubh\.m2\repository\io\rest-assured\xml-path\4.3.0\xml-path-4.3.0.jar;C:\Users\shubh\.m2\repository\jakarta\xml\bind\jakarta.xml.bind-api\2.3.2\jakarta.xml.bind-api-2.3.2.jar;C:\Users\shubh\.m2\repository\jakarta\activation\jakarta.activation-api\1.2.1\jakarta.activation-api-1.2.1.jar;C:\Users\shubh\.m2\repository\com\sun\xml\bind\jaxb-osgi\2.3.0.1\jaxb-osgi-2.3.0.1.jar;C:\Users\shubh\.m2\repository\org\apache\sling\org.apache.sling.javax.activation\0.1.0\org.apache.sling.javax.activation-0.1.0.jar;C:\Users\shubh\.m2\repository\javax\activation\activation\1.1.1\activation-1.1.1.jar;C:\Users\shubh\.m2\repository\com\googlecode\json-simple\json-simple\1.1.1\json-simple-1.1.1.jar;C:\Users\shubh\.m2\repository\commons-io\commons-io\2.8.0\commons-io-2.8.0.jar;"/>
    <property name="java.vm.vendor" value="Oracle Corporation"/>
    <property name="sun.arch.data.model" value="64"/>
    <property name="user.variant" value=""/>
    <property name="java.vendor.url" value="https://java.oracle.com/"/>
    <property name="user.timezone" value="Asia/Calcutta"/>
    <property name="os.name" value="Windows 10"/>
    <property name="java.vm.specification.version" value="15"/>
    <property name="sun.java.launcher" value="SUN_STANDARD"/>
    <property name="user.country" value="US"/>
    <property name="sun.boot.library.path" value="C:\Program Files\Java\jdk-15\bin"/>
    <property name="sun.java.command" value="C:\Users\shubh\AppData\Local\Temp\surefire7465846236393427635\surefirebooter11190594140480557915.jar C:\Users\shubh\AppData\Local\Temp\surefire7465846236393427635 2020-11-16T18-39-58_963-jvmRun1 surefire3518033817422343483tmp surefire_02479376861895969319tmp"/>
    <property name="jdk.debug" value="release"/>
    <property name="surefire.test.class.path" value="C:\Users\shubh\Desktop\Try\RestBDD\target\test-classes;C:\Users\shubh\Desktop\Try\RestBDD\target\classes;C:\Users\shubh\.m2\repository\junit\junit\4.11\junit-4.11.jar;C:\Users\shubh\.m2\repository\org\hamcrest\hamcrest-core\1.3\hamcrest-core-1.3.jar;C:\Users\shubh\.m2\repository\org\seleniumhq\selenium\selenium-java\3.141.59\selenium-java-3.141.59.jar;C:\Users\shubh\.m2\repository\org\seleniumhq\selenium\selenium-api\3.141.59\selenium-api-3.141.59.jar;C:\Users\shubh\.m2\repository\org\seleniumhq\selenium\selenium-chrome-driver\3.141.59\selenium-chrome-driver-3.141.59.jar;C:\Users\shubh\.m2\repository\org\seleniumhq\selenium\selenium-edge-driver\3.141.59\selenium-edge-driver-3.141.59.jar;C:\Users\shubh\.m2\repository\org\seleniumhq\selenium\selenium-firefox-driver\3.141.59\selenium-firefox-driver-3.141.59.jar;C:\Users\shubh\.m2\repository\org\seleniumhq\selenium\selenium-ie-driver\3.141.59\selenium-ie-driver-3.141.59.jar;C:\Users\shubh\.m2\repository\org\seleniumhq\selenium\selenium-opera-driver\3.141.59\selenium-opera-driver-3.141.59.jar;C:\Users\shubh\.m2\repository\org\seleniumhq\selenium\selenium-remote-driver\3.141.59\selenium-remote-driver-3.141.59.jar;C:\Users\shubh\.m2\repository\org\seleniumhq\selenium\selenium-safari-driver\3.141.59\selenium-safari-driver-3.141.59.jar;C:\Users\shubh\.m2\repository\org\seleniumhq\selenium\selenium-support\3.141.59\selenium-support-3.141.59.jar;C:\Users\shubh\.m2\repository\net\bytebuddy\byte-buddy\1.8.15\byte-buddy-1.8.15.jar;C:\Users\shubh\.m2\repository\org\apache\commons\commons-exec\1.3\commons-exec-1.3.jar;C:\Users\shubh\.m2\repository\com\google\guava\guava\25.0-jre\guava-25.0-jre.jar;C:\Users\shubh\.m2\repository\com\google\code\findbugs\jsr305\1.3.9\jsr305-1.3.9.jar;C:\Users\shubh\.m2\repository\org\checkerframework\checker-compat-qual\2.0.0\checker-compat-qual-2.0.0.jar;C:\Users\shubh\.m2\repository\com\google\errorprone\error_prone_annotations\2.1.3\error_prone_annotations-2.1.3.jar;C:\Users\shubh\.m2\repository\com\google\j2objc\j2objc-annotations\1.1\j2objc-annotations-1.1.jar;C:\Users\shubh\.m2\repository\org\codehaus\mojo\animal-sniffer-annotations\1.14\animal-sniffer-annotations-1.14.jar;C:\Users\shubh\.m2\repository\com\squareup\okhttp3\okhttp\3.11.0\okhttp-3.11.0.jar;C:\Users\shubh\.m2\repository\com\squareup\okio\okio\1.14.0\okio-1.14.0.jar;C:\Users\shubh\.m2\repository\io\appium\java-client\7.3.0\java-client-7.3.0.jar;C:\Users\shubh\.m2\repository\com\google\code\gson\gson\2.8.5\gson-2.8.5.jar;C:\Users\shubh\.m2\repository\org\apache\httpcomponents\httpclient\4.5.9\httpclient-4.5.9.jar;C:\Users\shubh\.m2\repository\org\apache\httpcomponents\httpcore\4.4.11\httpcore-4.4.11.jar;C:\Users\shubh\.m2\repository\commons-logging\commons-logging\1.2\commons-logging-1.2.jar;C:\Users\shubh\.m2\repository\cglib\cglib\3.2.12\cglib-3.2.12.jar;C:\Users\shubh\.m2\repository\org\ow2\asm\asm\7.1\asm-7.1.jar;C:\Users\shubh\.m2\repository\commons-validator\commons-validator\1.6\commons-validator-1.6.jar;C:\Users\shubh\.m2\repository\commons-beanutils\commons-beanutils\1.9.2\commons-beanutils-1.9.2.jar;C:\Users\shubh\.m2\repository\commons-digester\commons-digester\1.8.1\commons-digester-1.8.1.jar;C:\Users\shubh\.m2\repository\org\apache\commons\commons-lang3\3.9\commons-lang3-3.9.jar;C:\Users\shubh\.m2\repository\org\springframework\spring-context\5.1.8.RELEASE\spring-context-5.1.8.RELEASE.jar;C:\Users\shubh\.m2\repository\org\springframework\spring-aop\5.1.8.RELEASE\spring-aop-5.1.8.RELEASE.jar;C:\Users\shubh\.m2\repository\org\springframework\spring-beans\5.1.8.RELEASE\spring-beans-5.1.8.RELEASE.jar;C:\Users\shubh\.m2\repository\org\springframework\spring-core\5.1.8.RELEASE\spring-core-5.1.8.RELEASE.jar;C:\Users\shubh\.m2\repository\org\springframework\spring-jcl\5.1.8.RELEASE\spring-jcl-5.1.8.RELEASE.jar;C:\Users\shubh\.m2\repository\org\springframework\spring-expression\5.1.8.RELEASE\spring-expression-5.1.8.RELEASE.jar;C:\Users\shubh\.m2\repository\org\aspectj\aspectjweaver\1.9.4\aspectjweaver-1.9.4.jar;C:\Users\shubh\.m2\repository\org\slf4j\slf4j-api\1.7.26\slf4j-api-1.7.26.jar;C:\Users\shubh\.m2\repository\org\testng\testng\7.1.0\testng-7.1.0.jar;C:\Users\shubh\.m2\repository\com\beust\jcommander\1.72\jcommander-1.72.jar;C:\Users\shubh\.m2\repository\com\google\inject\guice\4.1.0\guice-4.1.0-no_aop.jar;C:\Users\shubh\.m2\repository\org\yaml\snakeyaml\1.21\snakeyaml-1.21.jar;C:\Users\shubh\.m2\repository\org\apache\poi\poi\4.1.2\poi-4.1.2.jar;C:\Users\shubh\.m2\repository\commons-codec\commons-codec\1.13\commons-codec-1.13.jar;C:\Users\shubh\.m2\repository\org\apache\commons\commons-collections4\4.4\commons-collections4-4.4.jar;C:\Users\shubh\.m2\repository\org\apache\commons\commons-math3\3.6.1\commons-math3-3.6.1.jar;C:\Users\shubh\.m2\repository\com\zaxxer\SparseBitSet\1.2\SparseBitSet-1.2.jar;C:\Users\shubh\.m2\repository\org\apache\poi\poi-ooxml\4.1.2\poi-ooxml-4.1.2.jar;C:\Users\shubh\.m2\repository\org\apache\poi\poi-ooxml-schemas\4.1.2\poi-ooxml-schemas-4.1.2.jar;C:\Users\shubh\.m2\repository\org\apache\xmlbeans\xmlbeans\3.1.0\xmlbeans-3.1.0.jar;C:\Users\shubh\.m2\repository\org\apache\commons\commons-compress\1.19\commons-compress-1.19.jar;C:\Users\shubh\.m2\repository\com\github\virtuald\curvesapi\1.06\curvesapi-1.06.jar;C:\Users\shubh\.m2\repository\io\cucumber\cucumber-java\6.8.1\cucumber-java-6.8.1.jar;C:\Users\shubh\.m2\repository\org\apiguardian\apiguardian-api\1.1.0\apiguardian-api-1.1.0.jar;C:\Users\shubh\.m2\repository\io\cucumber\cucumber-picocontainer\6.8.1\cucumber-picocontainer-6.8.1.jar;C:\Users\shubh\.m2\repository\org\picocontainer\picocontainer\2.15\picocontainer-2.15.jar;C:\Users\shubh\.m2\repository\io\cucumber\cucumber-core\6.8.1\cucumber-core-6.8.1.jar;C:\Users\shubh\.m2\repository\io\cucumber\cucumber-gherkin\6.8.1\cucumber-gherkin-6.8.1.jar;C:\Users\shubh\.m2\repository\io\cucumber\cucumber-gherkin-messages\6.8.1\cucumber-gherkin-messages-6.8.1.jar;C:\Users\shubh\.m2\repository\io\cucumber\messages\13.1.0\messages-13.1.0.jar;C:\Users\shubh\.m2\repository\io\cucumber\tag-expressions\3.0.0\tag-expressions-3.0.0.jar;C:\Users\shubh\.m2\repository\io\cucumber\cucumber-expressions\10.3.0\cucumber-expressions-10.3.0.jar;C:\Users\shubh\.m2\repository\io\cucumber\datatable\3.5.0\datatable-3.5.0.jar;C:\Users\shubh\.m2\repository\io\cucumber\cucumber-plugin\6.8.1\cucumber-plugin-6.8.1.jar;C:\Users\shubh\.m2\repository\io\cucumber\docstring\6.8.1\docstring-6.8.1.jar;C:\Users\shubh\.m2\repository\io\cucumber\html-formatter\9.0.0\html-formatter-9.0.0.jar;C:\Users\shubh\.m2\repository\io\cucumber\create-meta\2.0.2\create-meta-2.0.2.jar;C:\Users\shubh\.m2\repository\io\cucumber\cucumber-testng\6.8.1\cucumber-testng-6.8.1.jar;C:\Users\shubh\.m2\repository\com\vimalselvam\cucumber-extentsreport\3.1.1\cucumber-extentsreport-3.1.1.jar;C:\Users\shubh\.m2\repository\net\masterthought\cucumber-reporting\5.3.1\cucumber-reporting-5.3.1.jar;C:\Users\shubh\.m2\repository\com\fasterxml\jackson\core\jackson-databind\2.10.1\jackson-databind-2.10.1.jar;C:\Users\shubh\.m2\repository\com\fasterxml\jackson\core\jackson-annotations\2.10.1\jackson-annotations-2.10.1.jar;C:\Users\shubh\.m2\repository\com\fasterxml\jackson\core\jackson-core\2.10.1\jackson-core-2.10.1.jar;C:\Users\shubh\.m2\repository\com\fasterxml\jackson\datatype\jackson-datatype-jsr310\2.10.1\jackson-datatype-jsr310-2.10.1.jar;C:\Users\shubh\.m2\repository\org\apache\velocity\velocity-engine-core\2.1\velocity-engine-core-2.1.jar;C:\Users\shubh\.m2\repository\commons-collections\commons-collections\3.2.2\commons-collections-3.2.2.jar;C:\Users\shubh\.m2\repository\joda-time\joda-time\2.10.5\joda-time-2.10.5.jar;C:\Users\shubh\.m2\repository\org\codehaus\plexus\plexus-utils\3.3.0\plexus-utils-3.3.0.jar;C:\Users\shubh\.m2\repository\org\jsoup\jsoup\1.12.1\jsoup-1.12.1.jar;C:\Users\shubh\.m2\repository\com\googlecode\owasp-java-html-sanitizer\owasp-java-html-sanitizer\20191001.1\owasp-java-html-sanitizer-20191001.1.jar;C:\Users\shubh\.m2\repository\commons-configuration\commons-configuration\1.10\commons-configuration-1.10.jar;C:\Users\shubh\.m2\repository\commons-lang\commons-lang\2.6\commons-lang-2.6.jar;C:\Users\shubh\.m2\repository\com\google\inject\guice\4.2.3\guice-4.2.3.jar;C:\Users\shubh\.m2\repository\javax\inject\javax.inject\1\javax.inject-1.jar;C:\Users\shubh\.m2\repository\aopalliance\aopalliance\1.0\aopalliance-1.0.jar;C:\Users\shubh\.m2\repository\com\relevantcodes\extentreports\2.41.2\extentreports-2.41.2.jar;C:\Users\shubh\.m2\repository\org\xerial\sqlite-jdbc\3.8.11.1\sqlite-jdbc-3.8.11.1.jar;C:\Users\shubh\.m2\repository\org\mongodb\mongodb-driver\3.0.4\mongodb-driver-3.0.4.jar;C:\Users\shubh\.m2\repository\org\mongodb\bson\3.0.4\bson-3.0.4.jar;C:\Users\shubh\.m2\repository\org\mongodb\mongodb-driver-core\3.0.4\mongodb-driver-core-3.0.4.jar;C:\Users\shubh\.m2\repository\com\aventstack\extentreports\3.0.0\extentreports-3.0.0.jar;C:\Users\shubh\.m2\repository\org\apache\httpcomponents\httpmime\4.5.2\httpmime-4.5.2.jar;C:\Users\shubh\.m2\repository\org\freemarker\freemarker\2.3.30\freemarker-2.3.30.jar;C:\Users\shubh\.m2\repository\com\github\mkolisnyk\cucumber-runner\1.3.5\cucumber-runner-1.3.5.jar;C:\Users\shubh\.m2\repository\xml-apis\xml-apis\1.4.01\xml-apis-1.4.01.jar;C:\Users\shubh\.m2\repository\batik\batik-transcoder\1.6-1\batik-transcoder-1.6-1.jar;C:\Users\shubh\.m2\repository\batik\batik-bridge\1.6-1\batik-bridge-1.6-1.jar;C:\Users\shubh\.m2\repository\batik\batik-gvt\1.6-1\batik-gvt-1.6-1.jar;C:\Users\shubh\.m2\repository\batik\batik-awt-util\1.6-1\batik-awt-util-1.6-1.jar;C:\Users\shubh\.m2\repository\batik\batik-util\1.6-1\batik-util-1.6-1.jar;C:\Users\shubh\.m2\repository\batik\batik-gui-util\1.6-1\batik-gui-util-1.6-1.jar;C:\Users\shubh\.m2\repository\batik\batik-ext\1.6-1\batik-ext-1.6-1.jar;C:\Users\shubh\.m2\repository\xml-apis\xmlParserAPIs\2.0.2\xmlParserAPIs-2.0.2.jar;C:\Users\shubh\.m2\repository\batik\batik-script\1.6-1\batik-script-1.6-1.jar;C:\Users\shubh\.m2\repository\rhino\js\1.5R4.1\js-1.5R4.1.jar;C:\Users\shubh\.m2\repository\batik\batik-svg-dom\1.6-1\batik-svg-dom-1.6-1.jar;C:\Users\shubh\.m2\repository\batik\batik-dom\1.6-1\batik-dom-1.6-1.jar;C:\Users\shubh\.m2\repository\batik\batik-css\1.6-1\batik-css-1.6-1.jar;C:\Users\shubh\.m2\repository\batik\batik-xml\1.6-1\batik-xml-1.6-1.jar;C:\Users\shubh\.m2\repository\xerces\xercesImpl\2.5.0\xercesImpl-2.5.0.jar;C:\Users\shubh\.m2\repository\batik\batik-parser\1.6-1\batik-parser-1.6-1.jar;C:\Users\shubh\.m2\repository\com\itextpdf\itextpdf\5.5.11\itextpdf-5.5.11.jar;C:\Users\shubh\.m2\repository\com\cedarsoftware\json-io\4.9.12\json-io-4.9.12.jar;C:\Users\shubh\.m2\repository\info\cukes\cucumber-junit\1.2.5\cucumber-junit-1.2.5.jar;C:\Users\shubh\.m2\repository\info\cukes\cucumber-core\1.2.5\cucumber-core-1.2.5.jar;C:\Users\shubh\.m2\repository\info\cukes\cucumber-html\0.2.3\cucumber-html-0.2.3.jar;C:\Users\shubh\.m2\repository\info\cukes\cucumber-jvm-deps\1.0.5\cucumber-jvm-deps-1.0.5.jar;C:\Users\shubh\.m2\repository\info\cukes\gherkin\2.12.2\gherkin-2.12.2.jar;C:\Users\shubh\.m2\repository\info\cukes\cucumber-testng\1.2.5\cucumber-testng-1.2.5.jar;C:\Users\shubh\.m2\repository\org\xhtmlrenderer\flying-saucer-pdf\9.1.7\flying-saucer-pdf-9.1.7.jar;C:\Users\shubh\.m2\repository\com\lowagie\itext\2.1.7\itext-2.1.7.jar;C:\Users\shubh\.m2\repository\org\bouncycastle\bctsp-jdk14\1.38\bctsp-jdk14-1.38.jar;C:\Users\shubh\.m2\repository\org\xhtmlrenderer\flying-saucer-core\9.1.7\flying-saucer-core-9.1.7.jar;C:\Users\shubh\.m2\repository\org\javassist\javassist\3.22.0-CR2\javassist-3.22.0-CR2.jar;C:\Users\shubh\.m2\repository\org\apache\maven\maven-plugin-api\2.0\maven-plugin-api-2.0.jar;C:\Users\shubh\.m2\repository\org\apache\maven\reporting\maven-reporting-api\2.0.8\maven-reporting-api-2.0.8.jar;C:\Users\shubh\.m2\repository\org\apache\maven\doxia\doxia-sink-api\1.0-alpha-9\doxia-sink-api-1.0-alpha-9.jar;C:\Users\shubh\.m2\repository\org\apache\maven\reporting\maven-reporting-impl\2.0.4.3\maven-reporting-impl-2.0.4.3.jar;C:\Users\shubh\.m2\repository\org\apache\maven\maven-project\2.0.4\maven-project-2.0.4.jar;C:\Users\shubh\.m2\repository\org\apache\maven\maven-settings\2.0.4\maven-settings-2.0.4.jar;C:\Users\shubh\.m2\repository\org\apache\maven\maven-profile\2.0.4\maven-profile-2.0.4.jar;C:\Users\shubh\.m2\repository\org\apache\maven\maven-model\2.0.4\maven-model-2.0.4.jar;C:\Users\shubh\.m2\repository\org\apache\maven\maven-artifact-manager\2.0.4\maven-artifact-manager-2.0.4.jar;C:\Users\shubh\.m2\repository\org\apache\maven\maven-repository-metadata\2.0.4\maven-repository-metadata-2.0.4.jar;C:\Users\shubh\.m2\repository\org\apache\maven\wagon\wagon-provider-api\1.0-alpha-6\wagon-provider-api-1.0-alpha-6.jar;C:\Users\shubh\.m2\repository\org\apache\maven\maven-artifact\2.0.4\maven-artifact-2.0.4.jar;C:\Users\shubh\.m2\repository\org\codehaus\plexus\plexus-container-default\1.0-alpha-9\plexus-container-default-1.0-alpha-9.jar;C:\Users\shubh\.m2\repository\classworlds\classworlds\1.1-alpha-2\classworlds-1.1-alpha-2.jar;C:\Users\shubh\.m2\repository\org\apache\maven\doxia\doxia-core\1.0\doxia-core-1.0.jar;C:\Users\shubh\.m2\repository\org\apache\maven\doxia\doxia-site-renderer\1.0\doxia-site-renderer-1.0.jar;C:\Users\shubh\.m2\repository\org\codehaus\plexus\plexus-i18n\1.0-beta-7\plexus-i18n-1.0-beta-7.jar;C:\Users\shubh\.m2\repository\org\codehaus\plexus\plexus-velocity\1.1.7\plexus-velocity-1.1.7.jar;C:\Users\shubh\.m2\repository\org\apache\velocity\velocity\1.5\velocity-1.5.jar;C:\Users\shubh\.m2\repository\oro\oro\2.0.8\oro-2.0.8.jar;C:\Users\shubh\.m2\repository\org\apache\maven\doxia\doxia-decoration-model\1.0\doxia-decoration-model-1.0.jar;C:\Users\shubh\.m2\repository\org\apache\maven\doxia\doxia-module-apt\1.0\doxia-module-apt-1.0.jar;C:\Users\shubh\.m2\repository\org\apache\maven\doxia\doxia-module-fml\1.0\doxia-module-fml-1.0.jar;C:\Users\shubh\.m2\repository\org\apache\maven\doxia\doxia-module-xdoc\1.0\doxia-module-xdoc-1.0.jar;C:\Users\shubh\.m2\repository\org\apache\maven\doxia\doxia-module-xhtml\1.0\doxia-module-xhtml-1.0.jar;C:\Users\shubh\.m2\repository\org\apache\maven\shared\maven-doxia-tools\1.0.2\maven-doxia-tools-1.0.2.jar;C:\Users\shubh\.m2\repository\com\github\mkolisnyk\cucumber-report-generator\1.3.5\cucumber-report-generator-1.3.5.jar;C:\Users\shubh\.m2\repository\org\apache\logging\log4j\log4j-api\2.13.1\log4j-api-2.13.1.jar;C:\Users\shubh\.m2\repository\org\apache\logging\log4j\log4j-core\2.13.1\log4j-core-2.13.1.jar;C:\Users\shubh\.m2\repository\io\rest-assured\rest-assured\4.3.0\rest-assured-4.3.0.jar;C:\Users\shubh\.m2\repository\org\codehaus\groovy\groovy\3.0.2\groovy-3.0.2.jar;C:\Users\shubh\.m2\repository\org\codehaus\groovy\groovy-xml\3.0.2\groovy-xml-3.0.2.jar;C:\Users\shubh\.m2\repository\org\hamcrest\hamcrest\2.1\hamcrest-2.1.jar;C:\Users\shubh\.m2\repository\org\ccil\cowan\tagsoup\tagsoup\1.2.1\tagsoup-1.2.1.jar;C:\Users\shubh\.m2\repository\io\rest-assured\json-path\4.3.0\json-path-4.3.0.jar;C:\Users\shubh\.m2\repository\org\codehaus\groovy\groovy-json\3.0.2\groovy-json-3.0.2.jar;C:\Users\shubh\.m2\repository\io\rest-assured\rest-assured-common\4.3.0\rest-assured-common-4.3.0.jar;C:\Users\shubh\.m2\repository\io\rest-assured\xml-path\4.3.0\xml-path-4.3.0.jar;C:\Users\shubh\.m2\repository\jakarta\xml\bind\jakarta.xml.bind-api\2.3.2\jakarta.xml.bind-api-2.3.2.jar;C:\Users\shubh\.m2\repository\jakarta\activation\jakarta.activation-api\1.2.1\jakarta.activation-api-1.2.1.jar;C:\Users\shubh\.m2\repository\com\sun\xml\bind\jaxb-osgi\2.3.0.1\jaxb-osgi-2.3.0.1.jar;C:\Users\shubh\.m2\repository\org\apache\sling\org.apache.sling.javax.activation\0.1.0\org.apache.sling.javax.activation-0.1.0.jar;C:\Users\shubh\.m2\repository\javax\activation\activation\1.1.1\activation-1.1.1.jar;C:\Users\shubh\.m2\repository\com\googlecode\json-simple\json-simple\1.1.1\json-simple-1.1.1.jar;C:\Users\shubh\.m2\repository\commons-io\commons-io\2.8.0\commons-io-2.8.0.jar;"/>
    <property name="sun.cpu.endian" value="little"/>
    <property name="user.home" value="C:\Users\shubh"/>
    <property name="user.language" value="en"/>
    <property name="java.specification.vendor" value="Oracle Corporation"/>
    <property name="java.version.date" value="2020-09-15"/>
    <property name="java.home" value="C:\Program Files\Java\jdk-15"/>
    <property name="file.separator" value="\"/>
    <property name="basedir" value="C:\Users\shubh\Desktop\Try\RestBDD"/>
    <property name="java.vm.compressedOopsMode" value="32-bit"/>
    <property name="line.separator" value="&#10;"/>
    <property name="java.vm.specification.vendor" value="Oracle Corporation"/>
    <property name="java.specification.name" value="Java Platform API Specification"/>
    <property name="surefire.real.class.path" value="C:\Users\shubh\AppData\Local\Temp\surefire7465846236393427635\surefirebooter11190594140480557915.jar"/>
    <property name="user.script" value=""/>
    <property name="sun.management.compiler" value="HotSpot 64-Bit Tiered Compilers"/>
    <property name="java.runtime.version" value="15+36-1562"/>
    <property name="user.name" value="shubh"/>
    <property name="path.separator" value=";"/>
    <property name="os.version" value="10.0"/>
    <property name="java.runtime.name" value="Java(TM) SE Runtime Environment"/>
    <property name="file.encoding" value="Cp1252"/>
    <property name="java.vm.name" value="Java HotSpot(TM) 64-Bit Server VM"/>
    <property name="localRepository" value="C:\Users\shubh\.m2\repository"/>
    <property name="java.vendor.url.bug" value="https://bugreport.java.com/bugreport/"/>
    <property name="java.io.tmpdir" value="C:\Users\shubh\AppData\Local\Temp\"/>
    <property name="java.version" value="15"/>
    <property name="user.dir" value="C:\Users\shubh\Desktop\Try\RestBDD"/>
    <property name="os.arch" value="amd64"/>
    <property name="java.vm.specification.name" value="Java Virtual Machine Specification"/>
    <property name="sun.os.patch.level" value=""/>
    <property name="java.library.path" value="C:\Program Files\Java\jdk-15\bin;C:\WINDOWS\Sun\Java\bin;C:\WINDOWS\system32;C:\WINDOWS;C:\Program Files\Common Files\Oracle\Java\javapath;C:\Program Files (x86)\Intel\iCLS Client\;C:\Program Files\Intel\iCLS Client\;C:\windows\system32;C:\windows;C:\windows\System32\Wbem;C:\windows\System32\WindowsPowerShell\v1.0\;C:\Program Files (x86)\Intel\Intel(R) Management Engine Components\DAL;C:\Program Files\Intel\Intel(R) Management Engine Components\DAL;C:\Program Files (x86)\Intel\Intel(R) Management Engine Components\IPT;C:\Program Files\Intel\Intel(R) Management Engine Components\IPT;C:\Program Files (x86)\NVIDIA Corporation\PhysX\Common;C:\WINDOWS\system32;C:\WINDOWS;C:\WINDOWS\System32\Wbem;C:\WINDOWS\System32\WindowsPowerShell\v1.0\;C:\WINDOWS\System32\OpenSSH\;C:\Program Files\Intel\WiFi\bin\;C:\Program Files\Common Files\Intel\WirelessCommon\;C:\Program Files\Java\jdk-15\bin;C:\Users\shubh\Desktop\Zebra\apache-maven-3.6.3-bin\apache-maven-3.6.3\bin;C:\Program Files\Java\jdk-15\bin;C:\Users\shubh\AppData\Local\Programs\Python\Python38-32\Scripts\;C:\Users\shubh\AppData\Local\Programs\Python\Python38-32\;C:\Users\shubh\AppData\Local\Microsoft\WindowsApps;C:\Users\shubh\Desktop\Zebra\apache-maven-3.6.3-bin\apache-maven-3.6.3\bin;;."/>
    <property name="java.vm.info" value="mixed mode, sharing"/>
    <property name="java.vendor" value="Oracle Corporation"/>
    <property name="java.vm.version" value="15+36-1562"/>
    <property name="sun.io.unicode.encoding" value="UnicodeLittle"/>
    <property name="java.class.version" value="59.0"/>
  </properties>
  <testcase name="test1" classname="testRunners.test" time="0.007"/>
  <testcase name="test2" classname="testRunners.test" time="0.123">
    <failure message="expected [true] but found [false]" type="java.lang.AssertionError"><![CDATA[java.lang.AssertionError: expected [true] but found [false]
	at testRunners.test.test2(test.java:20)
]]></failure>
    <system-out><![CDATA[[INFO ] 2020-11-16 18:40:19.717 [main] RetryHelper - Retrying Test test2 with status Failure for the 1 times.
]]></system-out>
  </testcase>
  <testcase name="test3" classname="testRunners.test" time="0"/>
  <testcase name="test4" classname="testRunners.test" time="0.003">
    <failure message="expected [true] but found [false]" type="java.lang.AssertionError"><![CDATA[java.lang.AssertionError: expected [true] but found [false]
	at testRunners.test.test4(test.java:28)
]]></failure>
    <system-out><![CDATA[[INFO ] 2020-11-16 18:40:19.943 [main] RetryHelper - Retrying Test test4 with status Failure for the 2 times.
]]></system-out>
  </testcase>
  <testcase name="test5" classname="testRunners.test" time="0"/>
  <testcase name="test6" classname="testRunners.test" time="0.003">
    <failure message="expected [false] but found [true]" type="java.lang.AssertionError"><![CDATA[java.lang.AssertionError: expected [false] but found [true]
	at testRunners.test.test6(test.java:36)
]]></failure>
    <system-out><![CDATA[[INFO ] 2020-11-16 18:40:20.061 [main] RetryHelper - Retrying Test test6 with status Failure for the 3 times.
]]></system-out>
  </testcase>
  <testcase name="test7" classname="testRunners.test" time="0.003">
    <failure message="expected [false] but found [true]" type="java.lang.AssertionError"><![CDATA[java.lang.AssertionError: expected [false] but found [true]
	at testRunners.test.test7(test.java:40)
]]></failure>
    <system-out><![CDATA[[INFO ] 2020-11-16 18:40:20.108 [main] RetryHelper - Retrying Test test7 with status Failure for the 4 times.
]]></system-out>
  </testcase>
  <testcase name="test8" classname="testRunners.test" time="0"/>
  <testcase name="test10" classname="testRunners.test2" time="0.001">
    <failure message="expected [true] but found [false]" type="java.lang.AssertionError"><![CDATA[java.lang.AssertionError: expected [true] but found [false]
	at testRunners.test2.test10(test2.java:17)
]]></failure>
    <system-out><![CDATA[[INFO ] 2020-11-16 18:40:20.287 [main] RetryHelper - Retrying Test test10 with status Failure for the 5 times.
]]></system-out>
  </testcase>
  <testcase name="test11" classname="testRunners.test2" time="0.001"/>
  <testcase name="test12" classname="testRunners.test2" time="0.002">
    <failure message="expected [true] but found [false]" type="java.lang.AssertionError"><![CDATA[java.lang.AssertionError: expected [true] but found [false]
	at testRunners.test2.test12(test2.java:25)
]]></failure>
    <system-out><![CDATA[[INFO ] 2020-11-16 18:40:20.375 [main] RetryHelper - Retrying Test test12 with status Failure for the 6 times.
]]></system-out>
  </testcase>
  <testcase name="test13" classname="testRunners.test2" time="0"/>
  <testcase name="test14" classname="testRunners.test2" time="0.001">
    <failure message="expected [false] but found [true]" type="java.lang.AssertionError"><![CDATA[java.lang.AssertionError: expected [false] but found [true]
	at testRunners.test2.test14(test2.java:33)
]]></failure>
    <system-out><![CDATA[[INFO ] 2020-11-16 18:40:20.455 [main] RetryHelper - Retrying Test test14 with status Failure for the 7 times.
]]></system-out>
  </testcase>
  <testcase name="test15" classname="testRunners.test2" time="0.002">
    <failure message="expected [false] but found [true]" type="java.lang.AssertionError"><![CDATA[java.lang.AssertionError: expected [false] but found [true]
	at testRunners.test2.test15(test2.java:37)
]]></failure>
    <system-out><![CDATA[[INFO ] 2020-11-16 18:40:20.501 [main] RetryHelper - Retrying Test test15 with status Failure for the 8 times.
]]></system-out>
  </testcase>
  <testcase name="test16" classname="testRunners.test2" time="0"/>
  <testcase name="test9" classname="testRunners.test2" time="0.001"/>
</testsuite>